conductivity MAE 	MAE/AVG
14.689030	0.277392	poly	deg=1	a=0.0	g=0.01	1/252
14.689430	0.277400	poly	deg=1	a=0.0	g=0.05	2/252
14.689480	0.277401	poly	deg=1	a=0.0	g=0.1	3/252
14.689520	0.277402	poly	deg=1	a=0.0	g=0.5	4/252
14.689525	0.277402	poly	deg=1	a=0.0	g=1.0	5/252
14.689529	0.277402	poly	deg=1	a=0.0	g=5	6/252
14.689529	0.277402	poly	deg=1	a=0.0	g=10	7/252
14.655476	0.276759	poly	deg=1	a=0.1	g=0.01	8/252
14.657545	0.276798	poly	deg=1	a=0.1	g=0.05	9/252
14.657804	0.276803	poly	deg=1	a=0.1	g=0.1	10/252
14.658011	0.276807	poly	deg=1	a=0.1	g=0.5	11/252
14.658037	0.276807	poly	deg=1	a=0.1	g=1.0	12/252
14.658058	0.276808	poly	deg=1	a=0.1	g=5	13/252
14.658060	0.276808	poly	deg=1	a=0.1	g=10	14/252
14.614050	0.275976	poly	deg=1	a=0.1	g=0.01	15/252
14.618367	0.276058	poly	deg=1	a=0.1	g=0.05	16/252
14.618910	0.276068	poly	deg=1	a=0.1	g=0.1	17/252
14.619345	0.276076	poly	deg=1	a=0.1	g=0.5	18/252
14.619400	0.276078	poly	deg=1	a=0.1	g=1.0	19/252
14.619443	0.276078	poly	deg=1	a=0.1	g=5	20/252
14.619449	0.276078	poly	deg=1	a=0.1	g=10	21/252
14.299724	0.270041	poly	deg=1	a=0.5	g=0.01	22/252
14.328563	0.270585	poly	deg=1	a=0.5	g=0.05	23/252
14.332657	0.270663	poly	deg=1	a=0.5	g=0.1	24/252
14.336046	0.270727	poly	deg=1	a=0.5	g=0.5	25/252
14.336477	0.270735	poly	deg=1	a=0.5	g=1.0	26/252
14.336824	0.270741	poly	deg=1	a=0.5	g=5	27/252
14.336867	0.270742	poly	deg=1	a=0.5	g=10	28/252
13.940299	0.263253	poly	deg=1	a=1.0	g=0.01	29/252
14.209526	0.268337	poly	deg=1	a=1.0	g=0.05	30/252
14.274433	0.269563	poly	deg=1	a=1.0	g=0.1	31/252
14.333439	0.270677	poly	deg=1	a=1.0	g=0.5	32/252
14.341355	0.270827	poly	deg=1	a=1.0	g=1.0	33/252
14.347784	0.270948	poly	deg=1	a=1.0	g=5	34/252
14.348594	0.270964	poly	deg=1	a=1.0	g=10	35/252
14.630849	0.276294	poly	deg=1	a=5.0	g=0.01	36/252
15.257661	0.288131	poly	deg=1	a=5.0	g=0.05	37/252
15.717442	0.296813	poly	deg=1	a=5.0	g=0.1	38/252
16.279559	0.307429	poly	deg=1	a=5.0	g=0.5	39/252
16.372840	0.309190	poly	deg=1	a=5.0	g=1.0	40/252
16.453047	0.310705	poly	deg=1	a=5.0	g=5	41/252
16.463458	0.310901	poly	deg=1	a=5.0	g=10	42/252
15.623824	0.295045	poly	deg=1	a=10.0	g=0.01	43/252
15.809704	0.298556	poly	deg=1	a=10.0	g=0.05	44/252
16.466893	0.310966	poly	deg=1	a=10.0	g=0.1	45/252
17.446552	0.329466	poly	deg=1	a=10.0	g=0.5	46/252
17.660393	0.333505	poly	deg=1	a=10.0	g=1.0	47/252
17.850926	0.337103	poly	deg=1	a=10.0	g=5	48/252
17.876177	0.337580	poly	deg=1	a=10.0	g=10	49/252
23.106404	0.436349	poly	deg=1	a=50.0	g=0.01	50/252
20.513008	0.387374	poly	deg=1	a=50.0	g=0.05	51/252
19.571697	0.369598	poly	deg=1	a=50.0	g=0.1	52/252
19.770703	0.373356	poly	deg=1	a=50.0	g=0.5	53/252
20.247891	0.382368	poly	deg=1	a=50.0	g=1.0	54/252
20.794119	0.392683	poly	deg=1	a=50.0	g=5	55/252
20.871199	0.394139	poly	deg=1	a=50.0	g=10	56/252
26.106222	0.492998	poly	deg=1	a=100.0	g=0.01	57/252
23.162027	0.437399	poly	deg=1	a=100.0	g=0.05	58/252
21.687486	0.409554	poly	deg=1	a=100.0	g=0.1	59/252
20.076799	0.379137	poly	deg=1	a=100.0	g=0.5	60/252
20.575051	0.388546	poly	deg=1	a=100.0	g=1.0	61/252
21.253936	0.401366	poly	deg=1	a=100.0	g=5	62/252
21.380683	0.403760	poly	deg=1	a=100.0	g=10	63/252
19.891502	0.375638	poly	deg=2	a=0.0	g=0.01	64/252
22.221762	0.419643	poly	deg=2	a=0.0	g=0.05	65/252
23.705152	0.447656	poly	deg=2	a=0.0	g=0.1	66/252
25.554703	0.482583	poly	deg=2	a=0.0	g=0.5	67/252
25.835686	0.487890	poly	deg=2	a=0.0	g=1.0	68/252
26.294138	0.496547	poly	deg=2	a=0.0	g=5	69/252
25.407775	0.479809	poly	deg=2	a=0.0	g=10	70/252
18.677861	0.352719	poly	deg=2	a=0.1	g=0.01	71/252
20.131302	0.380166	poly	deg=2	a=0.1	g=0.05	72/252
21.061845	0.397739	poly	deg=2	a=0.1	g=0.1	73/252
24.104818	0.455203	poly	deg=2	a=0.1	g=0.5	74/252
24.924154	0.470676	poly	deg=2	a=0.1	g=1.0	75/252
25.664877	0.484664	poly	deg=2	a=0.1	g=5	76/252
25.961752	0.490270	poly	deg=2	a=0.1	g=10	77/252
18.513784	0.349620	poly	deg=2	a=0.1	g=0.01	78/252
19.593090	0.370002	poly	deg=2	a=0.1	g=0.05	79/252
20.196998	0.381407	poly	deg=2	a=0.1	g=0.1	80/252
22.998636	0.434314	poly	deg=2	a=0.1	g=0.5	81/252
24.164100	0.456323	poly	deg=2	a=0.1	g=1.0	82/252
25.517150	0.481874	poly	deg=2	a=0.1	g=5	83/252
25.866581	0.488473	poly	deg=2	a=0.1	g=10	84/252
18.208002	0.343846	poly	deg=2	a=0.5	g=0.01	85/252
18.678146	0.352724	poly	deg=2	a=0.5	g=0.05	86/252
19.108563	0.360852	poly	deg=2	a=0.5	g=0.1	87/252
20.315344	0.383642	poly	deg=2	a=0.5	g=0.5	88/252
21.336025	0.402916	poly	deg=2	a=0.5	g=1.0	89/252
24.203495	0.457067	poly	deg=2	a=0.5	g=5	90/252
24.915587	0.470514	poly	deg=2	a=0.5	g=10	91/252
17.772252	0.335617	poly	deg=2	a=1.0	g=0.01	92/252
18.334430	0.346233	poly	deg=2	a=1.0	g=0.05	93/252
18.784119	0.354725	poly	deg=2	a=1.0	g=0.1	94/252
19.632585	0.370748	poly	deg=2	a=1.0	g=0.5	95/252
20.340323	0.384113	poly	deg=2	a=1.0	g=1.0	96/252
23.131984	0.436832	poly	deg=2	a=1.0	g=5	97/252
24.222760	0.457431	poly	deg=2	a=1.0	g=10	98/252
15.629758	0.295157	poly	deg=2	a=5.0	g=0.01	99/252
18.305051	0.345679	poly	deg=2	a=5.0	g=0.05	100/252
18.255417	0.344741	poly	deg=2	a=5.0	g=0.1	101/252
18.998972	0.358783	poly	deg=2	a=5.0	g=0.5	102/252
19.214892	0.362860	poly	deg=2	a=5.0	g=1.0	103/252
20.362164	0.384526	poly	deg=2	a=5.0	g=5	104/252
21.409306	0.404300	poly	deg=2	a=5.0	g=10	105/252
14.288992	0.269838	poly	deg=2	a=10.0	g=0.01	106/252
18.123973	0.342259	poly	deg=2	a=10.0	g=0.05	107/252
18.259873	0.344825	poly	deg=2	a=10.0	g=0.1	108/252
18.770951	0.354477	poly	deg=2	a=10.0	g=0.5	109/252
19.029554	0.359360	poly	deg=2	a=10.0	g=1.0	110/252
19.640473	0.370897	poly	deg=2	a=10.0	g=5	111/252
20.368900	0.384653	poly	deg=2	a=10.0	g=10	112/252
11.340481	0.214157	poly	deg=2	a=50.0	g=0.01	113/252
16.446184	0.310575	poly	deg=2	a=50.0	g=0.05	114/252
17.883159	0.337711	poly	deg=2	a=50.0	g=0.1	115/252
18.266964	0.344959	poly	deg=2	a=50.0	g=0.5	116/252
18.598519	0.351221	poly	deg=2	a=50.0	g=1.0	117/252
19.052726	0.359798	poly	deg=2	a=50.0	g=5	118/252
19.224837	0.363048	poly	deg=2	a=50.0	g=10	119/252
10.454243	0.197421	poly	deg=2	a=100.0	g=0.01	120/252
15.351615	0.289905	poly	deg=2	a=100.0	g=0.05	121/252
17.180365	0.324440	poly	deg=2	a=100.0	g=0.1	122/252
18.197725	0.343652	poly	deg=2	a=100.0	g=0.5	123/252
18.461940	0.348641	poly	deg=2	a=100.0	g=1.0	124/252
18.876129	0.356463	poly	deg=2	a=100.0	g=5	125/252
19.055283	0.359846	poly	deg=2	a=100.0	g=10	126/252
27.724378	0.523556	rbf	deg=0	a=0.0	g=0.01	127/252
35.550931	0.671355	rbf	deg=0	a=0.0	g=0.05	128/252
35.134075	0.663483	rbf	deg=0	a=0.0	g=0.1	129/252
41.091765	0.775990	rbf	deg=0	a=0.0	g=0.5	130/252
43.171473	0.815264	rbf	deg=0	a=0.0	g=1.0	131/252
45.724560	0.863478	rbf	deg=0	a=0.0	g=5	132/252
45.767560	0.864290	rbf	deg=0	a=0.0	g=10	133/252
26.641167	0.503101	rbf	deg=0	a=0.1	g=0.01	134/252
34.487772	0.651278	rbf	deg=0	a=0.1	g=0.05	135/252
35.861084	0.677212	rbf	deg=0	a=0.1	g=0.1	136/252
41.285051	0.779640	rbf	deg=0	a=0.1	g=0.5	137/252
43.236954	0.816501	rbf	deg=0	a=0.1	g=1.0	138/252
45.667830	0.862406	rbf	deg=0	a=0.1	g=5	139/252
45.709184	0.863187	rbf	deg=0	a=0.1	g=10	140/252
26.001361	0.491018	rbf	deg=0	a=0.1	g=0.01	141/252
35.639637	0.673031	rbf	deg=0	a=0.1	g=0.05	142/252
36.851406	0.695914	rbf	deg=0	a=0.1	g=0.1	143/252
41.493352	0.783574	rbf	deg=0	a=0.1	g=0.5	144/252
43.307678	0.817836	rbf	deg=0	a=0.1	g=1.0	145/252
45.599876	0.861123	rbf	deg=0	a=0.1	g=5	146/252
45.639340	0.861868	rbf	deg=0	a=0.1	g=10	147/252
27.295948	0.515466	rbf	deg=0	a=0.5	g=0.01	148/252
37.703638	0.712008	rbf	deg=0	a=0.5	g=0.05	149/252
39.294526	0.742051	rbf	deg=0	a=0.5	g=0.1	150/252
42.453173	0.801700	rbf	deg=0	a=0.5	g=0.5	151/252
43.604537	0.823442	rbf	deg=0	a=0.5	g=1.0	152/252
45.152260	0.852670	rbf	deg=0	a=0.5	g=5	153/252
45.181151	0.853216	rbf	deg=0	a=0.5	g=10	154/252
29.260657	0.552568	rbf	deg=0	a=1.0	g=0.01	155/252
38.753219	0.731828	rbf	deg=0	a=1.0	g=0.05	156/252
40.337768	0.761752	rbf	deg=0	a=1.0	g=0.1	157/252
42.930985	0.810723	rbf	deg=0	a=1.0	g=0.5	158/252
43.907447	0.829163	rbf	deg=0	a=1.0	g=1.0	159/252
45.435326	0.858016	rbf	deg=0	a=1.0	g=5	160/252
45.457124	0.858427	rbf	deg=0	a=1.0	g=10	161/252
40.013368	0.755626	rbf	deg=0	a=5.0	g=0.01	162/252
45.571721	0.860591	rbf	deg=0	a=5.0	g=0.05	163/252
46.541097	0.878897	rbf	deg=0	a=5.0	g=0.1	164/252
48.458554	0.915107	rbf	deg=0	a=5.0	g=0.5	165/252
49.130230	0.927791	rbf	deg=0	a=5.0	g=1.0	166/252
49.733750	0.939188	rbf	deg=0	a=5.0	g=5	167/252
49.741047	0.939326	rbf	deg=0	a=5.0	g=10	168/252
44.826526	0.846519	rbf	deg=0	a=10.0	g=0.01	169/252
48.444253	0.914837	rbf	deg=0	a=10.0	g=0.05	170/252
49.086139	0.926959	rbf	deg=0	a=10.0	g=0.1	171/252
50.324245	0.950339	rbf	deg=0	a=10.0	g=0.5	172/252
50.729413	0.957991	rbf	deg=0	a=10.0	g=1.0	173/252
51.075780	0.964532	rbf	deg=0	a=10.0	g=5	174/252
51.079765	0.964607	rbf	deg=0	a=10.0	g=10	175/252
50.903666	0.961281	rbf	deg=0	a=50.0	g=0.01	176/252
51.852121	0.979192	rbf	deg=0	a=50.0	g=0.05	177/252
52.022965	0.982419	rbf	deg=0	a=50.0	g=0.1	178/252
52.344344	0.988488	rbf	deg=0	a=50.0	g=0.5	179/252
52.441764	0.990327	rbf	deg=0	a=50.0	g=1.0	180/252
52.520597	0.991816	rbf	deg=0	a=50.0	g=5	181/252
52.521458	0.991832	rbf	deg=0	a=50.0	g=10	182/252
51.893875	0.979981	rbf	deg=0	a=100.0	g=0.01	183/252
52.387090	0.989295	rbf	deg=0	a=100.0	g=0.05	184/252
52.476106	0.990976	rbf	deg=0	a=100.0	g=0.1	185/252
52.642932	0.994126	rbf	deg=0	a=100.0	g=0.5	186/252
52.692917	0.995070	rbf	deg=0	a=100.0	g=1.0	187/252
52.733037	0.995828	rbf	deg=0	a=100.0	g=5	188/252
52.733472	0.995836	rbf	deg=0	a=100.0	g=10	189/252
16.910025	0.319334	sigmoid	deg=0	a=0.0	g=0.01	190/252
16.910025	0.319334	sigmoid	deg=0	a=0.0	g=0.05	191/252
16.910025	0.319334	sigmoid	deg=0	a=0.0	g=0.1	192/252
16.910025	0.319334	sigmoid	deg=0	a=0.0	g=0.5	193/252
16.910025	0.319334	sigmoid	deg=0	a=0.0	g=1.0	194/252
16.910025	0.319334	sigmoid	deg=0	a=0.0	g=5	195/252
16.910025	0.319334	sigmoid	deg=0	a=0.0	g=10	196/252
16.905401	0.319247	sigmoid	deg=0	a=0.1	g=0.01	197/252
16.905401	0.319247	sigmoid	deg=0	a=0.1	g=0.05	198/252
16.905401	0.319247	sigmoid	deg=0	a=0.1	g=0.1	199/252
16.905401	0.319247	sigmoid	deg=0	a=0.1	g=0.5	200/252
16.905401	0.319247	sigmoid	deg=0	a=0.1	g=1.0	201/252
16.905401	0.319247	sigmoid	deg=0	a=0.1	g=5	202/252
16.905401	0.319247	sigmoid	deg=0	a=0.1	g=10	203/252
16.899634	0.319138	sigmoid	deg=0	a=0.1	g=0.01	204/252
16.899634	0.319138	sigmoid	deg=0	a=0.1	g=0.05	205/252
16.899634	0.319138	sigmoid	deg=0	a=0.1	g=0.1	206/252
16.899634	0.319138	sigmoid	deg=0	a=0.1	g=0.5	207/252
16.899634	0.319138	sigmoid	deg=0	a=0.1	g=1.0	208/252
16.899634	0.319138	sigmoid	deg=0	a=0.1	g=5	209/252
16.899634	0.319138	sigmoid	deg=0	a=0.1	g=10	210/252
16.854014	0.318277	sigmoid	deg=0	a=0.5	g=0.01	211/252
16.854014	0.318277	sigmoid	deg=0	a=0.5	g=0.05	212/252
16.854014	0.318277	sigmoid	deg=0	a=0.5	g=0.1	213/252
16.854014	0.318277	sigmoid	deg=0	a=0.5	g=0.5	214/252
16.854014	0.318277	sigmoid	deg=0	a=0.5	g=1.0	215/252
16.854014	0.318277	sigmoid	deg=0	a=0.5	g=5	216/252
16.854014	0.318277	sigmoid	deg=0	a=0.5	g=10	217/252
16.798240	0.317223	sigmoid	deg=0	a=1.0	g=0.01	218/252
16.798240	0.317223	sigmoid	deg=0	a=1.0	g=0.05	219/252
16.798240	0.317223	sigmoid	deg=0	a=1.0	g=0.1	220/252
16.798240	0.317223	sigmoid	deg=0	a=1.0	g=0.5	221/252
16.798240	0.317223	sigmoid	deg=0	a=1.0	g=1.0	222/252
16.798240	0.317223	sigmoid	deg=0	a=1.0	g=5	223/252
16.798240	0.317223	sigmoid	deg=0	a=1.0	g=10	224/252
16.396666	0.309640	sigmoid	deg=0	a=5.0	g=0.01	225/252
16.396666	0.309640	sigmoid	deg=0	a=5.0	g=0.05	226/252
16.396666	0.309640	sigmoid	deg=0	a=5.0	g=0.1	227/252
16.396666	0.309640	sigmoid	deg=0	a=5.0	g=0.5	228/252
16.396666	0.309640	sigmoid	deg=0	a=5.0	g=1.0	229/252
16.396666	0.309640	sigmoid	deg=0	a=5.0	g=5	230/252
16.396666	0.309640	sigmoid	deg=0	a=5.0	g=10	231/252
16.277355	0.307387	sigmoid	deg=0	a=10.0	g=0.01	232/252
16.277355	0.307387	sigmoid	deg=0	a=10.0	g=0.05	233/252
16.277355	0.307387	sigmoid	deg=0	a=10.0	g=0.1	234/252
16.277355	0.307387	sigmoid	deg=0	a=10.0	g=0.5	235/252
16.277355	0.307387	sigmoid	deg=0	a=10.0	g=1.0	236/252
16.277355	0.307387	sigmoid	deg=0	a=10.0	g=5	237/252
16.277355	0.307387	sigmoid	deg=0	a=10.0	g=10	238/252
30.315234	0.572483	sigmoid	deg=0	a=50.0	g=0.01	239/252
30.315234	0.572483	sigmoid	deg=0	a=50.0	g=0.05	240/252
30.315234	0.572483	sigmoid	deg=0	a=50.0	g=0.1	241/252
30.315234	0.572483	sigmoid	deg=0	a=50.0	g=0.5	242/252
30.315234	0.572483	sigmoid	deg=0	a=50.0	g=1.0	243/252
30.315234	0.572483	sigmoid	deg=0	a=50.0	g=5	244/252
30.315234	0.572483	sigmoid	deg=0	a=50.0	g=10	245/252
38.400496	0.725168	sigmoid	deg=0	a=100.0	g=0.01	246/252
38.400496	0.725168	sigmoid	deg=0	a=100.0	g=0.05	247/252
38.400496	0.725168	sigmoid	deg=0	a=100.0	g=0.1	248/252
38.400496	0.725168	sigmoid	deg=0	a=100.0	g=0.5	249/252
38.400496	0.725168	sigmoid	deg=0	a=100.0	g=1.0	250/252
38.400496	0.725168	sigmoid	deg=0	a=100.0	g=5	251/252
38.400496	0.725168	sigmoid	deg=0	a=100.0	g=10	252/252
